<?xml version="1.0" encoding="UTF-8"?>
<testng-results ignored="1" total="2" passed="1" failed="0" skipped="0">
  <reporter-output>
  </reporter-output>
  <suite started-at="2023-01-23T12:42:08 IST" name="Suite" finished-at="2023-01-23T12:42:08 IST" duration-ms="61">
    <groups>
      <group name="regression">
        <method signature="Testing.tested()[pri:0, instance:createcustomer.Testing@4d02f94e]" name="tested" class="createcustomer.Testing"/>
      </group> <!-- regression -->
    </groups>
    <test started-at="2023-01-23T12:42:08 IST" name="Test" finished-at="2023-01-23T12:42:08 IST" duration-ms="61">
      <class name="createcustomer.Testing">
        <test-method signature="tested()[pri:0, instance:createcustomer.Testing@4d02f94e]" started-at="2023-01-23T12:42:08 IST" name="tested" finished-at="2023-01-23T12:42:08 IST" duration-ms="0" status="PASS">
          <reporter-output>
          </reporter-output>
        </test-method> <!-- tested -->
      </class> <!-- createcustomer.Testing -->
    </test> <!-- Test -->
  </suite> <!-- Suite -->
</testng-results>
